"../../../../../../GitHub/SpaceRanger/Content/Maps/Main_BuiltData.uasset" 0
"../../../../../../GitHub/SpaceRanger/Content/PowerUp.uasset" 1
"../../../../../../GitHub/SpaceRanger/Content/Flying/Meshes/BaseMaterial.uasset" 2
"../../../../../../GitHub/SpaceRanger/Content/Flying/Meshes/GrayMaterial.uasset" 3
"../../../../../../GitHub/SpaceRanger/Content/Flying/Meshes/UFOMaterial.uasset" 4
"../../../../../../GitHub/SpaceRanger/Content/Flying/Meshes/UFO.uasset" 5
"../../../../../../GitHub/SpaceRanger/Content/FlyingBP/Blueprints/Player/T_Space.uasset" 6
"../../../../../../GitHub/SpaceRanger/Content/Assets/Textures/T_sunflare.uasset" 7
"../../../../../../GitHub/SpaceRanger/Content/Assets/Materials/m_flare_03.uasset" 8
"../../../../../../GitHub/SpaceRanger/Content/Assets/Materials/M_Radial_Gradient.uasset" 9
"../../../../../../GitHub/SpaceRanger/Content/FlyingBP/Effects/M_Impact_Ripple.uasset" 10
"../../../Engine/Content/EditorMeshes/EditorPlane.uasset" 11
"../../../../../../GitHub/SpaceRanger/Content/FlyingBP/Effects/P_UFO_Engine_Boost.uasset" 12
"../../../../../../GitHub/SpaceRanger/Content/FlyingBP/Maps/FlyingExampleMap_BuiltData.uasset" 13
"../../../../../../GitHub/SpaceRanger/Content/FlyingBP/Maps/Main_BuiltData.uasset" 14
"../../../../../../GitHub/SpaceRanger/Content/FlyingBP/Maps/Menu_BuiltData.uasset" 15
"../../../../../../GitHub/SpaceRanger/Content/FlyingBP/Menu/MM_Pawn.uasset" 16
"../../../../../../GitHub/SpaceRanger/Content/FlyingBP/Menu/MM_PC.uasset" 17
"../../../Engine/Content/EngineSounds/Master.uasset" 18
"../../../Engine/Content/EngineSounds/Normal_Attack.uasset" 19
"../../../Engine/Content/EngineSounds/Duck_Normal_Attack_MixMod.uasset" 20
"../../../Engine/Content/EngineSounds/Special_Attack_PSM.uasset" 21
"../../../Engine/Content/EngineSounds/SFX.uasset" 22
"../../../../../../GitHub/SpaceRanger/Content/FlyingBP/Audio/ShipFireSoundEffect.uasset" 23
"../../../../../../GitHub/SpaceRanger/Content/FlyingBP/Menu/Assets/1080normal.uasset" 24
"../../../../../../GitHub/SpaceRanger/Content/FlyingBP/Menu/Assets/1280Normal.uasset" 25
"../../../../../../GitHub/SpaceRanger/Content/FlyingBP/Menu/Assets/800Normal.uasset" 26
"../../../../../../GitHub/SpaceRanger/Content/FlyingBP/Menu/Assets/background.uasset" 27
"../../../../../../GitHub/SpaceRanger/Content/FlyingBP/Menu/Assets/LaserFire.uasset" 28
"../../../../../../GitHub/SpaceRanger/Content/FlyingBP/Menu/Assets/MainMenuNormal.uasset" 29
"../../../../../../GitHub/SpaceRanger/Content/FlyingBP/Menu/Assets/OptionsNormal.uasset" 30
"../../../../../../GitHub/SpaceRanger/Content/FlyingBP/Menu/Assets/QuitGameNormal.uasset" 31
"../../../../../../GitHub/SpaceRanger/Content/FlyingBP/Menu/Assets/StartGameNormal.uasset" 32
"../../../../../../GitHub/SpaceRanger/Content/FlyingBP/Menu/LoadingScreen.uasset" 33
"../../../../../../GitHub/SpaceRanger/Content/FlyingBP/Menu/MainMenu.uasset" 34
"../../../../../../GitHub/SpaceRanger/Content/FlyingBP/Menu/QuitGameMessage.uasset" 35
"../../../../../../GitHub/SpaceRanger/Content/FlyingBP/Menu/Assets/640Normal.uasset" 36
"../../../../../../GitHub/SpaceRanger/Content/FlyingBP/Menu/Assets/720Normal.uasset" 37
"../../../../../../GitHub/SpaceRanger/Content/FlyingBP/Radar/Textures/Minimap_FlyingEnemy_Down.uasset" 38
"../../../../../../GitHub/SpaceRanger/Content/FlyingBP/Radar/Textures/Minimap_FlyingEnemy_Up.uasset" 39
"../../../../../../GitHub/SpaceRanger/Content/LevelDesign/Alien_Planet/AlienPlanet/Render1.uasset" 40
"../../../../../../GitHub/SpaceRanger/Content/LevelDesign/LargeShips/default.uasset" 41
"../../../../../../GitHub/SpaceRanger/Content/LevelDesign/LargeShips/as2.uasset" 42
"../../../../../../GitHub/SpaceRanger/Content/LevelDesign/LargeShips/default_body2.uasset" 43
"../../../../../../GitHub/SpaceRanger/Content/LevelDesign/LargeShips/default_cabins1glass.uasset" 44
"../../../../../../GitHub/SpaceRanger/Content/LevelDesign/LargeShips/yx1_02_01_01_02.uasset" 45
"../../../../../../GitHub/SpaceRanger/Content/LevelDesign/LargeShips/default_cockpits_1_cushions.uasset" 46
"../../../../../../GitHub/SpaceRanger/Content/LevelDesign/LargeShips/ggt1.uasset" 47
"../../../../../../GitHub/SpaceRanger/Content/LevelDesign/LargeShips/default_cockpits_1_display.uasset" 48
"../../../../../../GitHub/SpaceRanger/Content/LevelDesign/LargeShips/default_cockpits_joysticks.uasset" 49
"../../../../../../GitHub/SpaceRanger/Content/LevelDesign/LargeShips/as1_02.uasset" 50
"../../../../../../GitHub/SpaceRanger/Content/LevelDesign/LargeShips/default_door.uasset" 51
"../../../../../../GitHub/SpaceRanger/Content/LevelDesign/LargeShips/default_ship_door.uasset" 52
"../../../../../../GitHub/SpaceRanger/Content/LevelDesign/LargeShips/ahm1_01_01.uasset" 53
"../../../../../../GitHub/SpaceRanger/Content/LevelDesign/LargeShips/default_skin.uasset" 54
"../../../../../../GitHub/SpaceRanger/Content/LevelDesign/LargeShips/rmp1.uasset" 55
"../../../../../../GitHub/SpaceRanger/Content/LevelDesign/LargeShips/default_steps.uasset" 56
"../../../../../../GitHub/SpaceRanger/Content/LevelDesign/LargeShips/Federation_Interceptor_HN48_landed_default.uasset" 57
"../../../../../../GitHub/SpaceRanger/Content/LevelDesign/LargeShips/default_landing_gear_doors.uasset" 58
"../../../../../../GitHub/SpaceRanger/Content/LevelDesign/LargeShips/lg1.uasset" 59
"../../../../../../GitHub/SpaceRanger/Content/LevelDesign/LargeShips/default_ship_landing_gear.uasset" 60
"../../../../../../GitHub/SpaceRanger/Content/LevelDesign/LargeShips/Federation_Interceptor_HN48_landed_mesh01.uasset" 61
"../../../../../../GitHub/SpaceRanger/Content/LevelDesign/LargeShips/Maps/ahm1_01_01.uasset" 62
"../../../../../../GitHub/SpaceRanger/Content/LevelDesign/LargeShips/Maps/as1_02.uasset" 63
"../../../../../../GitHub/SpaceRanger/Content/LevelDesign/LargeShips/Maps/as2.uasset" 64
"../../../../../../GitHub/SpaceRanger/Content/LevelDesign/LargeShips/Maps/ggt1.uasset" 65
"../../../../../../GitHub/SpaceRanger/Content/LevelDesign/LargeShips/Maps/lg1.uasset" 66
"../../../../../../GitHub/SpaceRanger/Content/LevelDesign/LargeShips/Maps/rmp1.uasset" 67
"../../../../../../GitHub/SpaceRanger/Content/LevelDesign/LargeShips/Maps/yx1_02_01_01_02.uasset" 68
"../../../Engine/Content/EditorBlueprintResources/StandardMacros.uasset" 69
"../../../Engine/Content/EngineSky/C_Sky_Cloud_Color.uasset" 70
"../../../Engine/Content/EngineSky/C_Sky_Horizon_Color.uasset" 71
"../../../Engine/Content/EngineSky/C_Sky_Zenith_Color.uasset" 72
"../../../Engine/Content/Functions/Engine_MaterialFunctions02/3PointLevels.uasset" 73
"../../../../../../GitHub/SpaceRanger/Content/LevelDesign/Skybox/Skybox_Params.uasset" 74
"../../../../../../GitHub/SpaceRanger/Content/LevelDesign/Skybox/PurpleNebula.uasset" 75
"../../../../../../GitHub/SpaceRanger/Content/LevelDesign/Skybox/mat_Space.uasset" 76
"../../../../../../GitHub/SpaceRanger/Content/StarterContent/Textures/nebula_skybox.uasset" 77
"../../../../../../GitHub/SpaceRanger/Content/LevelDesign/Skybox/nebula.uasset" 78
"../../../Engine/Content/EngineSky/T_Sky_Blue.uasset" 79
"../../../Engine/Content/EngineSky/T_Sky_Clouds_M.uasset" 80
"../../../Engine/Content/EngineSky/T_Sky_Stars.uasset" 81
"../../../Engine/Content/EngineSky/M_Sky_Panning_Clouds2.uasset" 82
"../../../Engine/Content/EngineSky/SM_SkySphere.uasset" 83
"../../../../../../GitHub/SpaceRanger/Content/LevelDesign/Skybox/BP_Sky_Sphere.uasset" 84
"../../../../../../GitHub/SpaceRanger/Content/LevelDesign/Skybox/Skybox.uasset" 85
"../../../Engine/Content/Functions/Engine_MaterialFunctions01/Opacity/CameraDepthFade.uasset" 86
"../../../Engine/Content/EngineMaterials/T_Default_Material_Grid_M.uasset" 87
"../../../Engine/Content/EngineMaterials/T_Default_Material_Grid_N.uasset" 88
"../../../Engine/Content/EngineMaterials/DefaultMaterial.uasset" 89
"../../../Engine/Content/BasicShapes/Cone.uasset" 90
"../../../Engine/Content/BasicShapes/Cylinder.uasset" 91
"../../../Engine/Content/EngineMaterials/WorldGridMaterial.uasset" 92
"../../../Engine/Content/BasicShapes/Plane.uasset" 93
"../../../Engine/Content/EditorLandscapeResources/DataLayer.uasset" 94
"../../../Engine/Content/EditorMaterials/GizmoMaterial.uasset" 95
"../../../Engine/Content/EditorMaterials/MAT_Groups_Toggle.uasset" 96
"../../../Engine/Content/EditorMaterials/MAT_Groups_Visibility.uasset" 97
"../../../Engine/Content/EditorMaterials/PreviewShadowIndicator.uasset" 98
"../../../Engine/Content/EditorMaterials/PreviewShadowIndicatorMaterial.uasset" 99
"../../../Engine/Content/EditorMaterials/MatineeGroups/MAT_ColorTrack.uasset" 100
"../../../Engine/Content/EditorMaterials/MatineeGroups/MAT_Groups_Anim.uasset" 101
"../../../Engine/Content/EditorMaterials/MatineeGroups/MAT_Groups_AudioMaster.uasset" 102
"../../../Engine/Content/EditorMaterials/MatineeGroups/MAT_Groups_Director.uasset" 103
"../../../Engine/Content/EditorMaterials/MatineeGroups/MAT_Groups_Event.uasset" 104
"../../../Engine/Content/EditorMaterials/MatineeGroups/MAT_Groups_Fade.uasset" 105
"../../../Engine/Content/EditorMaterials/MatineeGroups/MAT_Groups_Float.uasset" 106
"../../../Engine/Content/EditorMaterials/MatineeGroups/MAT_Groups_Move.uasset" 107
"../../../Engine/Content/EditorMaterials/MatineeGroups/MAT_Groups_Slomo.uasset" 108
"../../../Engine/Content/EditorMaterials/MatineeGroups/MAT_Groups_Sound.uasset" 109
"../../../Engine/Content/EditorMaterials/MatineeGroups/MAT_Groups_Vector.uasset" 110
"../../../Engine/Content/EditorMaterials/ParticleSystems/PSysThumbnail_NoImage.uasset" 111
"../../../Engine/Content/EditorMaterials/ParticleSystems/PSysThumbnail_OOD.uasset" 112
"../../../Engine/Content/EditorMaterials/Camera/CineMat.uasset" 113
"../../../Engine/Content/EditorMaterials/Camera/MI_CineMat_Rig.uasset" 114
"../../../Engine/Content/EditorMeshes/Camera/SM_CraneRig_Arm.uasset" 115
"../../../Engine/Content/EditorMeshes/Camera/SM_CraneRig_Base.uasset" 116
"../../../Engine/Content/EditorMeshes/Camera/SM_CraneRig_Body.uasset" 117
"../../../Engine/Content/EditorMeshes/Camera/SM_CraneRig_Mount.uasset" 118
"../../../Engine/Content/EditorMeshes/Camera/SM_RailRig_Mount.uasset" 119
"../../../Engine/Content/EditorMeshes/Camera/SM_RailRig_Track.uasset" 120
"../../../Engine/Content/EditorMeshes/ColorCalibrator/M_ChromeBall.uasset" 121
"../../../Engine/Content/EditorMeshes/ColorCalibrator/M_ClearCoat.uasset" 122
"../../../Engine/Content/EditorMeshes/ColorCalibrator/M_ClearCoatBlack.uasset" 123
"../../../Engine/Content/EditorMeshes/ColorCalibrator/Color_checker.uasset" 124
"../../../Engine/Content/EditorMeshes/ColorCalibrator/M_ColorGrid.uasset" 125
"../../../Engine/Content/EditorMeshes/ColorCalibrator/M_GreyBall.uasset" 126
"../../../Engine/Content/EditorMeshes/ColorCalibrator/SM_ColorCalibrator.uasset" 127
"../../../Engine/Content/EditorResources/BSPVertex.uasset" 128
"../../../Engine/Content/EditorResources/EmptyActor.uasset" 129
"../../../Engine/Content/EditorResources/S_Actor.uasset" 130
"../../../Engine/Content/EditorResources/S_Trigger.uasset" 131
"../../../Engine/Content/EditorResources/AudioIcons/S_AudioComponent_AutoActivate.uasset" 132
"../../../Engine/Content/EditorResources/LightIcons/S_LightError.uasset" 133
"../../../Engine/Content/EditorResources/SequenceRecorder/Countdown.uasset" 134
"../../../Engine/Content/EditorResources/SequenceRecorder/RecordingIndicator.uasset" 135
"../../../Engine/Content/EditorSounds/Notifications/CompileFailed.uasset" 136
"../../../Engine/Content/EditorSounds/Notifications/CompileFailed_Cue.uasset" 137
"../../../Engine/Content/EditorSounds/Notifications/CompileSuccess.uasset" 138
"../../../Engine/Content/EditorSounds/Notifications/CompileStart_Cue.uasset" 139
"../../../Engine/Content/EditorSounds/Notifications/CompileSuccess_Cue.uasset" 140
"../../../Engine/Content/EngineDamageTypes/DmgTypeBP_Environmental.uasset" 141
"../../../Engine/Content/EngineDebugMaterials/HeatmapGradient.uasset" 142
"../../../Engine/Content/EngineDebugMaterials/BoneWeightMaterial.uasset" 143
"../../../Engine/Content/EngineDebugMaterials/ClothMaterial.uasset" 144
"../../../Engine/Content/EngineDebugMaterials/ClothMaterial_WF.uasset" 145
"../../../Engine/Content/EngineDebugMaterials/DebugEditorMaterial.uasset" 146
"../../../Engine/Content/EngineDebugMaterials/DebugMeshMaterial.uasset" 147
"../../../Engine/Content/EngineDebugMaterials/GeomMaterial.uasset" 148
"../../../Engine/Content/EngineFonts/Faces/RobotoBold.uasset" 149
"../../../Engine/Content/EngineFonts/Faces/RobotoBoldItalic.uasset" 150
"../../../Engine/Content/EngineFonts/Faces/RobotoItalic.uasset" 151
"../../../Engine/Content/EngineFonts/Faces/RobotoLight.uasset" 152
"../../../Engine/Content/EngineFonts/Faces/RobotoRegular.uasset" 153
"../../../Engine/Content/EngineFonts/Roboto.uasset" 154
"../../../Engine/Content/EngineFonts/Faces/RobotoTiny.uasset" 155
"../../../Engine/Content/EngineFonts/RobotoTiny.uasset" 156
"../../../Engine/Content/EngineMaterials/DefaultBloomKernel.uasset" 157
"../../../Engine/Content/EngineMaterials/DefaultBokeh.uasset" 158
"../../../Engine/Content/EngineMaterials/DefaultDiffuse.uasset" 159
"../../../Engine/Content/EngineMaterials/DefaultDeferredDecalMaterial.uasset" 160
"../../../Engine/Content/EngineMaterials/DefaultLightFunctionMaterial.uasset" 161
"../../../Engine/Content/EngineMaterials/DefaultPhysicalMaterial.uasset" 162
"../../../Engine/Content/Functions/Engine_MaterialFunctions02/Utility/BreakOutFloat2Components.uasset" 163
"../../../Engine/Content/EngineMaterials/DefaultPostProcessMaterial.uasset" 164
"../../../Engine/Content/EngineFonts/RobotoDistanceField.uasset" 165
"../../../Engine/Content/EngineMaterials/DefaultTextMaterialOpaque.uasset" 166
"../../../Engine/Content/EngineMaterials/DefaultWhiteGrid.uasset" 167
"../../../Engine/Content/EngineMaterials/EditorBrushMaterial.uasset" 168
"../../../Engine/Content/EngineMaterials/Good64x64TilingNoiseHighFreq.uasset" 169
"../../../Engine/Content/EngineMaterials/MiniFont.uasset" 170
"../../../Engine/Content/EngineMaterials/InvalidLightmapSettings.uasset" 171
"../../../Engine/Content/EngineMaterials/M_InvalidLightmapSettings.uasset" 172
"../../../Engine/Content/Functions/Engine_MaterialFunctions02/WorldPositionOffset/CameraOffset.uasset" 173
"../../../Engine/Content/EngineMaterials/PhAT_JointLimitMaterial.uasset" 174
"../../../Engine/Content/EngineMaterials/PreintegratedSkinBRDF.uasset" 175
"../../../Engine/Content/EngineMaterials/RemoveSurfaceMaterial.uasset" 176
"../../../Engine/Content/EngineMaterials/WeightMapPlaceholderTexture.uasset" 177
"../../../Engine/Content/EngineResources/WhiteSquareTexture.uasset" 178
"../../../Engine/Content/EngineMaterials/Widget3DPassThrough.uasset" 179
"../../../Engine/Content/EngineMaterials/Widget3DPassThrough_Masked.uasset" 180
"../../../Engine/Content/EngineMaterials/Widget3DPassThrough_Opaque.uasset" 181
"../../../Engine/Content/EngineMaterials/Widget3DPassThrough_Masked_OneSided.uasset" 182
"../../../Engine/Content/EngineMaterials/Widget3DPassThrough_Opaque_OneSided.uasset" 183
"../../../Engine/Content/EngineMaterials/Widget3DPassThrough_Translucent.uasset" 184
"../../../Engine/Content/EngineMaterials/Widget3DPassThrough_Translucent_OneSided.uasset" 185
"../../../Engine/Content/EngineMeshes/Cube.uasset" 186
"../../../Engine/Content/EngineMeshes/Cylinder.uasset" 187
"../../../Engine/Content/EngineResources/Black.uasset" 188
"../../../Engine/Content/EngineResources/DefaultTexture.uasset" 189
"../../../Engine/Content/EngineResources/DefaultTextureCube.uasset" 190
"../../../Engine/Content/EngineResources/GradientTexture0.uasset" 191
"../../../Engine/Content/Functions/Engine_MaterialFunctions01/Shading/ConvertFromDiffSpec.uasset" 192
"../../../Engine/Content/Functions/Engine_MaterialFunctions01/Shading/PowerToRoughness.uasset" 193
"../../../Engine/Content/Maps/Templates/Thumbnails/Default.uasset" 194
"../../../Engine/Content/Maps/Templates/Thumbnails/VR-Basic.uasset" 195
"../../../Engine/Content/MobileResources/T_MobileControls_texture.uasset" 196
"../../../Engine/Content/MobileResources/T_MobileMenu2.uasset" 197
"../../../Engine/Content/MobileResources/HUD/AnalogHat.uasset" 198
"../../../Engine/Content/MobileResources/HUD/VirtualJoystick_Background.uasset" 199
"../../../Engine/Content/MobileResources/HUD/VirtualJoystick_Thumb.uasset" 200
"../../../Engine/Content/MobileResources/HUD/DefaultVirtualJoysticks.uasset" 201
"../../../Engine/Content/MobileResources/HUD/LeftVirtualJoystickOnly.uasset" 202
"../../../Engine/Content/MobileResources/HUD/MobileHUDButton1_off.uasset" 203
"../../../Engine/Content/MobileResources/HUD/MobileHUDButton1_on.uasset" 204
"../../../Engine/Content/MobileResources/HUD/MobileHUDButton2_off.uasset" 205
"../../../Engine/Content/MobileResources/HUD/MobileHUDButton2_on.uasset" 206
"../../../Engine/Content/MobileResources/HUD/MobileHUDButton3.uasset" 207
"../../../Engine/Content/MobileResources/HUD/MobileHUDButtonFire.uasset" 208
"../../../Engine/Content/MobileResources/HUD/MobileHUDDirectionPad.uasset" 209
"../../../Engine/Content/MobileResources/HUD/MobileHUDDirectionPad2.uasset" 210
"../../../Engine/Content/MobileResources/HUD/MobileHUDDirectionPad3.uasset" 211
"../../../Engine/Content/MobileResources/HUD/MobileHUDDirectionStick.uasset" 212
"../../../Engine/Content/MobileResources/HUD/T_Castle_ThumbstickInner.uasset" 213
"../../../Engine/Content/MobileResources/HUD/T_Castle_ThumbstickOutter.uasset" 214
"../../../Engine/Content/Tutorial/ContentIntroCurve.uasset" 215
"../../../Engine/Content/Tutorial/Basics/TutorialAssets/icon_tab_Levels_40x.uasset" 216
"../../../Engine/Content/Tutorial/BlueprintTutorials/TutorialAssets/BlueprintInterface_64x.uasset" 217
"../../../Engine/Content/Tutorial/BlueprintTutorials/TutorialAssets/BlueprintMacroLibrary_64x.uasset" 218
"../../../Engine/Content/Tutorial/BlueprintTutorials/TutorialAssets/Blueprint_64x.uasset" 219
"../../../Engine/Content/Tutorial/BlueprintTutorials/TutorialAssets/Tutorial_BP_Interface.uasset" 220
"../../../Engine/Content/Tutorial/Foliage/TutorialAssets/Foliage.uasset" 221
"../../../Engine/Content/Tutorial/Landscape/TutorialAssets/Landscape.uasset" 222
"../../../Engine/Content/Tutorial/Paper2D/TutorialAssets/Paper2DFlipbook_TutorialIcon.uasset" 223
"../../../Engine/Content/Tutorial/Paper2D/TutorialAssets/Paper2DSprite_TutorialIcon.uasset" 224
"../../../Engine/Content/Tutorial/SubEditors/TutorialAssets/icon_Editor_Preferences_General_40x.uasset" 225
"../../../Engine/Content/Tutorial/SubEditors/TutorialAssets/icon_ShowSkeletalMeshes_40x.uasset" 226
"../../../Engine/Content/Tutorial/SubEditors/TutorialAssets/TutorialMaterial.uasset" 227
"../../../Engine/Content/Tutorial/SubEditors/TutorialAssets/T_SmokeSubUV_8X8.uasset" 228
"../../../Engine/Content/Tutorial/SubEditors/TutorialAssets/T_soft_smoke.uasset" 229
"../../../Engine/Content/Tutorial/SubEditors/TutorialAssets/M_smoke_subUV_blackbody.uasset" 230
"../../../Engine/Content/Tutorial/SubEditors/TutorialAssets/TutorialParticleSystem.uasset" 231
"../../../Engine/Content/VREditor/Devices/Generic/GenericHMDMaterial.uasset" 232
"../../../Engine/Content/VREditor/Devices/Generic/GenericHMD.uasset" 233
"../../../Engine/Content/Functions/Engine_MaterialFunctions02/Utility/BreakOutFloat3Components.uasset" 234
"../../../Engine/Content/VREditor/Devices/Vive/VivePreController_MasksB.uasset" 235
"../../../Engine/Content/VREditor/Devices/Oculus/OculusControllerMaterial.uasset" 236
"../../../Engine/Content/VREditor/Devices/Oculus/OculusControllerMaterial_Inst.uasset" 237
"../../../Engine/Content/VREditor/Devices/Oculus/OculusControllerMesh.uasset" 238
"../../../Engine/Content/VREditor/Devices/Vive/T_VivePreController_EM.uasset" 239
"../../../Engine/Content/VREditor/Devices/Vive/VivePreController_MasksA.uasset" 240
"../../../Engine/Content/VREditor/Devices/Vive/VivePreControllerDiffuse.uasset" 241
"../../../Engine/Content/VREditor/Devices/Vive/VivePreControllerSpec.uasset" 242
"../../../Engine/Content/VREditor/LaserPointer/VR_LaserPower_01.uasset" 243
"../../../Engine/Content/VREditor/Devices/Vive/VivePreControllerMaterial.uasset" 244
"../../../Engine/Content/VREditor/Devices/Vive/VivePreControllerMaterial_Inst.uasset" 245
"../../../Engine/Content/VREditor/Devices/Vive/VivePreControllerMesh.uasset" 246
"../../../Engine/Content/VREditor/FloatingText/LineMaterial.uasset" 247
"../../../Engine/Content/VREditor/FloatingText/JointSphere.uasset" 248
"../../../Engine/Content/VREditor/FloatingText/LineSegmentCylinder.uasset" 249
"../../../Engine/Content/VREditor/Fonts/VRText_RobotoLarge.uasset" 250
"../../../Engine/Content/VREditor/Fonts/VRTextMaterial.uasset" 251
"../../../Engine/Content/VREditor/Fonts/TranslucentVRTextMaterial.uasset" 252
"../../../Engine/Content/VREditor/LaserPointer/CursorPointer.uasset" 253
"../../../Engine/Content/VREditor/TransformGizmo/TransformGizmoMaterial.uasset" 254
"../../../Engine/Content/VREditor/LaserPointer/HoverMaterial.uasset" 255
"../../../Engine/Content/VREditor/TransformGizmo/TranslucentTransformGizmoMaterial.uasset" 256
"../../../Engine/Content/VREditor/LaserPointer/TranslucentHoverMaterial.uasset" 257
"../../../Engine/Content/VREditor/LaserPointer/HoverMesh.uasset" 258
"../../../Engine/Content/VREditor/LaserPointer/LaserPointerMaterial.uasset" 259
"../../../Engine/Content/VREditor/LaserPointer/LaserPointerMaterialInst.uasset" 260
"../../../Engine/Content/VREditor/LaserPointer/TranslucentLaserPointerMaterialInst.uasset" 261
"../../../Engine/Content/VREditor/LaserPointer/LaserPointerMesh.uasset" 262
"../../../Engine/Content/VREditor/LaserPointer/LaserPointerMesh_End.uasset" 263
"../../../Engine/Content/VREditor/LaserPointer/LaserPointerMesh_Start.uasset" 264
"../../../Engine/Content/VREditor/Sounds/VR_teleport.uasset" 265
"../../../Engine/Content/VREditor/Sounds/UI/Click_on_Button.uasset" 266
"../../../Engine/Content/VREditor/Sounds/UI/Click_on_Button_Cue.uasset" 267
"../../../Engine/Content/VREditor/Sounds/UI/Dockable_Window_Close.uasset" 268
"../../../Engine/Content/VREditor/Sounds/UI/Dockable_Window_Drop.uasset" 269
"../../../Engine/Content/VREditor/Sounds/UI/Dockable_Window_Open.uasset" 270
"../../../Engine/Content/VREditor/Sounds/UI/Dockable_Window_Pick_Up.uasset" 271
"../../../Engine/Content/VREditor/Sounds/UI/Drop_Item_From_ContentBrowser.uasset" 272
"../../../Engine/Content/VREditor/Sounds/UI/Floating_UI_Open-001.uasset" 273
"../../../Engine/Content/VREditor/Sounds/UI/Radial_Menu_FadeOut.uasset" 274
"../../../Engine/Content/VREditor/Sounds/UI/Teleport_Mode_Entered.uasset" 275
"../../../Engine/Content/VREditor/Teleport/TeleportDirectionMaterial.uasset" 276
"../../../Engine/Content/VREditor/Teleport/TeleportDirectionMaterial_Inst.uasset" 277
"../../../Engine/Content/VREditor/Teleport/TeleportDirectionMesh.uasset" 278
"../../../Engine/Content/VREditor/TransformGizmo/BoundingBoxCorner.uasset" 279
"../../../Engine/Content/VREditor/TransformGizmo/BoundingBoxEdge.uasset" 280
"../../../Engine/Content/VREditor/TransformGizmo/PlaneTranslationHandle.uasset" 281
"../../../Engine/Content/VREditor/TransformGizmo/Main.uasset" 282
"../../../Engine/Content/VREditor/TransformGizmo/Xray.uasset" 283
"../../../Engine/Content/VREditor/TransformGizmo/SM_Dialog_Close.uasset" 284
"../../../Engine/Content/VREditor/TransformGizmo/SM_Dialog_Move.uasset" 285
"../../../Engine/Content/VREditor/TransformGizmo/SM_Sequencer_Key.uasset" 286
"../../../Engine/Content/VREditor/TransformGizmo/SM_Sequencer_Node.uasset" 287
"../../../Engine/Content/VREditor/TransformGizmo/TransformGizmoMaterial_Inst.uasset" 288
"../../../Engine/Content/VREditor/TransformGizmo/TranslucentTransformGizmoMaterial_Inst.uasset" 289
"../../../Engine/Content/VREditor/Devices/Vive/UE4_Logo.uasset" 290
"../../../Engine/Content/VREditor/UI/M_ContentWindow.uasset" 291
"../../../Engine/Content/VREditor/UI/SM_ContentWindow_01.uasset" 292
"../../../Engine/Content/VREditor/UI/KeyDiskMaterial.uasset" 293
"../../../Engine/Content/VREditor/UI/DiscMaterial.uasset" 294
"../../../Engine/Content/VREditor/UI/SM_Radial_Disk.uasset" 295
"../../../Engine/Content/VREditor/UI/ArrowMaterial.uasset" 296
"../../../Engine/Content/VREditor/UI/SM_Radial_Pointer.uasset" 297
"../../../Engine/Content/Functions/Engine_MaterialFunctions01/Gradient/RadialGradient.uasset" 298
"../../../Engine/Content/VREditor/WorldMovementGrid/SimpleGrid.uasset" 299
"../../../Engine/Content/VREditor/WorldMovementGrid/GridMaterial.uasset" 300
"../../../Engine/Content/Functions/Engine_MaterialFunctions01/Density/ExponentialDensity.uasset" 301
"../../../Engine/Content/VREditor/WorldMovementGrid/GridPostProcess.uasset" 302
"../../../Engine/Content/EditorLandscapeResources/FlattenHeightMat.uasset" 303
"../../../Engine/Content/VREditor/WorldMovementGrid/PlaneMesh.uasset" 304
"../../Plugins/2D/Paper2D/Content/PlaceholderTextures/DummySpriteTexture.uasset" 305
"../../Plugins/2D/Paper2D/Content/DummySprite.uasset" 306
"../../Plugins/2D/Paper2D/Content/DefaultPaperTerrainMaterial.uasset" 307
"../../Plugins/2D/Paper2D/Content/DefaultSpriteMaterial.uasset" 308
"../../Plugins/2D/Paper2D/Content/MaskedUnlitSpriteMaterial.uasset" 309
"../../Plugins/2D/Paper2D/Content/OpaqueUnlitSpriteMaterial.uasset" 310
"../../Plugins/Media/MediaCompositing/Content/DefaultMediaPlaneTexture.uasset" 311
"../../Plugins/Media/MediaCompositing/Content/DefaultMediaPlaneMaterial.uasset" 312
"../../../Engine/Content/Functions/Engine_MaterialFunctions02/Utility/MakeFloat4.uasset" 313
"../../Plugins/Runtime/AppleARKit/Content/ARKitCameraMaterial.uasset" 314
"../../Plugins/Runtime/Oculus/OculusVR/Content/Textures/GearVRController_AO.uasset" 315
"../../Plugins/Runtime/Oculus/OculusVR/Content/Textures/GearVRController_Color.uasset" 316
"../../Plugins/Runtime/Oculus/OculusVR/Content/Textures/GearVRController_Normal.uasset" 317
"../../Plugins/Runtime/Oculus/OculusVR/Content/Materials/GearVRControllerMaterial.uasset" 318
"../../Plugins/Runtime/Oculus/OculusVR/Content/Meshes/GearVrController.uasset" 319
"../../../../../../GitHub/SpaceRanger/Content/FlyingBP/Menu/MM_HUD.uasset" 320
"../../../../../../GitHub/SpaceRanger/Content/Blueprints/BP_GameMode.uasset" 321
"../../../../../../GitHub/SpaceRanger/Content/Assets/Materials/M_Pixel_Cube.uasset" 322
"../../../../../../GitHub/SpaceRanger/Content/Assets/Materials/M_Pixel_Cube_Blue_Inst.uasset" 323
"../../../../../../GitHub/SpaceRanger/Content/Assets/Meshes/SM_Pixel_Player.uasset" 324
"../../../../../../GitHub/SpaceRanger/Content/Blueprints/BP_Player.uasset" 325
"../../../../../../GitHub/SpaceRanger/Content/Assets/Meshes/SM_Pixel_Cube.uasset" 326
"../../../../../../GitHub/SpaceRanger/Content/Assets/Materials/M_Pixel_Cube_Particle.uasset" 327
"../../../Engine/Content/EngineMaterials/EmissiveTexturedMaterial.uasset" 328
"../../../Engine/Content/EngineMeshes/ParticleCube.uasset" 329
"../../../../../../GitHub/SpaceRanger/Content/Assets/Particles/P_Pixel_Explosion_Player.uasset" 330
"../../../../../../GitHub/SpaceRanger/Content/FlyingBP/Audio/ATT_Explosion.uasset" 331
"../../../../../../GitHub/SpaceRanger/Content/FlyingBP/Audio/Explosion.uasset" 332
"../../../../../../GitHub/SpaceRanger/Content/FlyingBP/Blueprints/bullet.uasset" 333
"../../../../../../GitHub/SpaceRanger/Content/FlyingBP/Radar/Textures/Minimap_Boss_Color.uasset" 334
"../../../../../../GitHub/SpaceRanger/Content/FlyingBP/Radar/Textures/Minimap_EnemyDown.uasset" 335
"../../../../../../GitHub/SpaceRanger/Content/FlyingBP/Radar/Textures/Minimap_EnemyUp.uasset" 336
"../../../../../../GitHub/SpaceRanger/Content/FlyingBP/Radar/Textures/Minimap_GroundEnemy_Color.uasset" 337
"../../../../../../GitHub/SpaceRanger/Content/FlyingBP/Radar/Textures/Minimap_PickUp.uasset" 338
"../../../../../../GitHub/SpaceRanger/Content/FlyingBP/Radar/Textures/Minimap_Player_Color.uasset" 339
"../../../../../../GitHub/SpaceRanger/Content/FlyingBP/Radar/Textures/Radar_Square.uasset" 340
"../../../../../../GitHub/SpaceRanger/Content/FlyingBP/Radar/RadarHud.uasset" 341
"../../../../../../GitHub/SpaceRanger/Content/FlyingBP/Blueprints/FlyingGameMode.uasset" 342
"../../../../../../GitHub/SpaceRanger/Content/FlyingBP/Menu/SaveHighScore.uasset" 343
"../../../../../../GitHub/SpaceRanger/Content/Assets/Particles/P_Pixel_Explosion.uasset" 344
"../../../Engine/Content/Functions/Engine_MaterialFunctions01/Texturing/FlattenNormal.uasset" 345
"../../../Engine/Content/Functions/MaterialLayerFunctions/MatLayerBlend_Standard.uasset" 346
"../../../../../../GitHub/SpaceRanger/Content/FlyingBP/Blueprints/Player/ML_Dirt.uasset" 347
"../../../../../../GitHub/SpaceRanger/Content/FlyingBP/Blueprints/Player/ML_Emissive.uasset" 348
"../../../../../../GitHub/SpaceRanger/Content/FlyingBP/Blueprints/Player/T_ExampleLayers_Metal01_D.uasset" 349
"../../../../../../GitHub/SpaceRanger/Content/FlyingBP/Blueprints/Player/T_ExampleLayers_Metal01_N.uasset" 350
"../../../../../../GitHub/SpaceRanger/Content/FlyingBP/Blueprints/Player/ML_Metal_Chrome.uasset" 351
"../../../../../../GitHub/SpaceRanger/Content/FlyingBP/Blueprints/Player/T_ExampleLayers_Plastic01_D.uasset" 352
"../../../../../../GitHub/SpaceRanger/Content/FlyingBP/Blueprints/Player/T_ExampleLayers_Plastic01_N.uasset" 353
"../../../../../../GitHub/SpaceRanger/Content/FlyingBP/Blueprints/Player/ML_Plastic01.uasset" 354
"../../../../../../GitHub/SpaceRanger/Content/FlyingBP/Blueprints/Player/T_UFO_02_M.uasset" 355
"../../../../../../GitHub/SpaceRanger/Content/FlyingBP/Blueprints/Player/T_UFO_M.uasset" 356
"../../../../../../GitHub/SpaceRanger/Content/FlyingBP/Blueprints/Player/M_UFO_Main.uasset" 357
"../../../../../../GitHub/SpaceRanger/Content/FlyingBP/Blueprints/Player/M_UFO_Main_Inst.uasset" 358
"../../../../../../GitHub/SpaceRanger/Content/FlyingBP/Blueprints/Player/SM_UFO_Hub.uasset" 359
"../../../../../../GitHub/SpaceRanger/Content/FlyingBP/Blueprints/Player/SM_UFO_Main.uasset" 360
"../../../Engine/Content/Functions/Engine_MaterialFunctions02/Utility/Swizzle.uasset" 361
"../../../Engine/Content/EngineVolumetrics/Fogsheet/Materials/T_EV_FogSheet_Falloff_02.uasset" 362
"../../../../../../GitHub/SpaceRanger/Content/FlyingBP/Effects/M_Particle_Ribbon.uasset" 363
"../../../../../../GitHub/SpaceRanger/Content/FlyingBP/Effects/P_UFO_Engine.uasset" 364
"../../../../../../GitHub/SpaceRanger/Content/FlyingBP/Menu/Assets/ResumeGameNormal.uasset" 365
"../../../../../../GitHub/SpaceRanger/Content/FlyingBP/Menu/PauseMenu.uasset" 366
"../../../../../../GitHub/SpaceRanger/Content/FlyingBP/Menu/Assets/RestartGameNormal.uasset" 367
"../../../../../../GitHub/SpaceRanger/Content/FlyingBP/Menu/RestartMenu.uasset" 368
"../../../../../../GitHub/SpaceRanger/Content/FlyingBP/Menu/Assets/Crosshairs.uasset" 369
"../../../../../../GitHub/SpaceRanger/Content/FlyingBP/Menu/StatusBarsHud.uasset" 370
"../../../../../../GitHub/SpaceRanger/Content/FlyingBP/Effects/Compound.uasset" 371
"../../../../../../GitHub/SpaceRanger/Content/FlyingBP/Effects/forceFieldMat.uasset" 372
"../../../Engine/Content/EngineMeshes/Sphere.uasset" 373
"../../../../../../GitHub/SpaceRanger/Content/FlyingBP/Particles/Shield_P.uasset" 374
"../../../../../../GitHub/SpaceRanger/Content/FlyingBP/Blueprints/Player/FlyingPawn.uasset" 375
"../../../../../../GitHub/SpaceRanger/Content/FlyingBP/Menu/MM_GameMode.uasset" 376
"../../../../../../GitHub/SpaceRanger/Content/Maps/Main.umap" 377
"../../../../../../GitHub/SpaceRanger/Content/Assets/Materials/M_Pixel_Cube_Enemy_Inst.uasset" 378
"../../../../../../GitHub/SpaceRanger/Content/FlyingBP/Audio/Buzz.uasset" 379
"../../../../../../GitHub/SpaceRanger/Content/FlyingBP/Audio/Buzz_Attenuation.uasset" 380
"../../../../../../GitHub/SpaceRanger/Content/Blueprints/BP_BarrierBullet.uasset" 381
"../../../Engine/Content/BasicShapes/BasicShapeMaterial.uasset" 382
"../../../Engine/Content/BasicShapes/Cube.uasset" 383
"../../../../../../GitHub/SpaceRanger/Content/Blueprints/BP_Guns.uasset" 384
"../../../Engine/Content/EditorLandscapeResources/MirrorPlaneMaterial.uasset" 385
"../../../../../../GitHub/SpaceRanger/Content/Blueprints/Mat_SafeZone.uasset" 386
"../../../../../../GitHub/SpaceRanger/Content/Blueprints/Return.uasset" 387
"../../../../../../GitHub/SpaceRanger/Content/FlyingBP/Audio/AsteroidAlarm.uasset" 388
"../../../../../../GitHub/SpaceRanger/Content/Blueprints/BP_SafeZone.uasset" 389
"../../../../../../GitHub/SpaceRanger/Content/FlyingBP/Blueprints/bullet_enemy.uasset" 390
"../../../../../../GitHub/SpaceRanger/Content/FlyingBP/Radar/Enum_RadarCategories.uasset" 391
"../../../../../../GitHub/SpaceRanger/Content/FlyingBP/Radar/Comp_RadarCategory.uasset" 392
"../../../../../../GitHub/SpaceRanger/Content/Assets/Materials/M_Pixel_Cube_Enemy_2_Inst.uasset" 393
"../../../../../../GitHub/SpaceRanger/Content/Assets/Meshes/SM_Pixel_Enemy_1.uasset" 394
"../../../../../../GitHub/SpaceRanger/Content/Assets/Particles/P_Pixel_Engine.uasset" 395
"../../../../../../GitHub/SpaceRanger/Content/FlyingBP/Audio/Fire_Attenuation.uasset" 396
"../../../../../../GitHub/SpaceRanger/Content/FlyingBP/Blueprints/EnemyShip.uasset" 397
"../../../../../../GitHub/SpaceRanger/Content/FlyingBP/Blueprints/EnemyChild_Aggressive.uasset" 398
"../../../../../../GitHub/SpaceRanger/Content/Blueprints/EnemySpawner/EnemySpawner.uasset" 399
"../../../../../../GitHub/SpaceRanger/Content/Geometry/Meshes/CubeMaterial.uasset" 400
"../../../../../../GitHub/SpaceRanger/Content/Geometry/Meshes/1M_Cube_Chamfer.uasset" 401
"../../../../../../GitHub/SpaceRanger/Content/FlyingBP/Blueprints/Target.uasset" 402
"../../../../../../GitHub/SpaceRanger/Content/LevelDesign/Alien_Planet/AlienPlanet/planet_Bog1200.uasset" 403
"../../../../../../GitHub/SpaceRanger/Content/LevelDesign/Alien_Planet/AlienPlanet/Material_001__Planet_texture_001_by_ralasterphecy_jpg.uasset" 404
"../../../../../../GitHub/SpaceRanger/Content/LevelDesign/Alien_Planet/AlienPlanet/AlienPlanet_PhysicsAsset.uasset" 405
"../../../../../../GitHub/SpaceRanger/Content/LevelDesign/Alien_Planet/AlienPlanet/AlienPlanet_Skeleton.uasset" 406
"../../../../../../GitHub/SpaceRanger/Content/LevelDesign/Alien_Planet/AlienPlanet/AlienPlanet.uasset" 407
"../../../../../../GitHub/SpaceRanger/Content/LevelDesign/Alien_Planet/AlienPlanet/BP_Planet.uasset" 408
"../../../Engine/Content/MapTemplates/Sky/SunsetAmbientCubemap.uasset" 409
"../../../Engine/Content/EditorMaterials/AssetViewer/M_SkyBox.uasset" 410
"../../../../../../GitHub/SpaceRanger/Content/LevelDesign/Skybox/BP_SpaceSky.uasset" 411
"../../../../../../GitHub/SpaceRanger/Content/FlyingBP/Maps/Level1_BuiltData.uasset" 412
"../../../Engine/Content/EngineSounds/Music.uasset" 413
"../../../../../../GitHub/SpaceRanger/Content/FlyingBP/Audio/snd_NebulaBkg.uasset" 414
"../../../../../../GitHub/SpaceRanger/Content/LevelDesign/asteroid/10464_Asteroid_L3_123c72035d71-abea-4a34-9131-5e9eeeffadcb/10464_Asteroid_v1_diffuse.uasset" 415
"../../../../../../GitHub/SpaceRanger/Content/LevelDesign/asteroid/10464_Asteroid_L3_123c72035d71-abea-4a34-9131-5e9eeeffadcb/_10464_Asteroid_v1_max201010464_Asteroid_v1.uasset" 416
"../../../../../../GitHub/SpaceRanger/Content/LevelDesign/asteroid/10464_Asteroid_L3_123c72035d71-abea-4a34-9131-5e9eeeffadcb/Asteroid.uasset" 417
"../../../../../../GitHub/SpaceRanger/Content/LevelDesign/LargeShips/default1.uasset" 418
"../../../../../../GitHub/SpaceRanger/Content/LevelDesign/LargeShips/default_body3.uasset" 419
"../../../../../../GitHub/SpaceRanger/Content/LevelDesign/LargeShips/default_cabins1glass1.uasset" 420
"../../../../../../GitHub/SpaceRanger/Content/LevelDesign/LargeShips/default_cockpits_1_cushions1.uasset" 421
"../../../../../../GitHub/SpaceRanger/Content/LevelDesign/LargeShips/default_cockpits_1_display1.uasset" 422
"../../../../../../GitHub/SpaceRanger/Content/LevelDesign/LargeShips/default_cockpits_joysticks1.uasset" 423
"../../../../../../GitHub/SpaceRanger/Content/LevelDesign/LargeShips/default_door1.uasset" 424
"../../../../../../GitHub/SpaceRanger/Content/LevelDesign/LargeShips/default_ship_door1.uasset" 425
"../../../../../../GitHub/SpaceRanger/Content/LevelDesign/LargeShips/default_skin1.uasset" 426
"../../../../../../GitHub/SpaceRanger/Content/LevelDesign/LargeShips/default_steps1.uasset" 427
"../../../../../../GitHub/SpaceRanger/Content/LevelDesign/LargeShips/Federation_Interceptor_HN48_flying_default.uasset" 428
"../../../../../../GitHub/SpaceRanger/Content/FlyingBP/Maps/Level1.umap" 429
"../../../Engine/Content/EngineSky/BP_Sky_Sphere.uasset" 430
"../../../../../../GitHub/SpaceRanger/Content/FlyingBP/Maps/Level2_BuiltData.uasset" 431
"../../../Engine/Content/BasicShapes/Sphere.uasset" 432
"../../../../../../GitHub/SpaceRanger/Content/FlyingBP/Maps/Level2.umap" 433
"../../../../../../GitHub/SpaceRanger/Content/FlyingBP/Maps/Level3_BuiltData.uasset" 434
"../../../../../../GitHub/SpaceRanger/Content/FlyingBP/Maps/Level3.umap" 435
"../../../../../../GitHub/SpaceRanger/Content/FlyingBP/Maps/MainMenu_BuiltData.uasset" 436
"../../../../../../GitHub/SpaceRanger/Content/FlyingBP/Maps/MainMenu.umap" 437
"../../../Engine/Content/Maps/Entry.umap" 438
